<?xml version="1.0" encoding="UTF-8"?>
<!-- Generated by org.testng.reporters.JUnitReportReporter -->
<testsuite skipped="0" hostname="Subbu-PC" name="firstTestNGPackage.SwitchWindowExample" tests="1" failures="0" timestamp="05 Feb 2019 13:02:55 GMT" time="58.999" errors="0">
  <testcase name="printChildWindowTitles" time="58.999" classname="firstTestNGPackage.SwitchWindowExample"/>
</testsuite> <!-- firstTestNGPackage.SwitchWindowExample -->
