<?xml version="1.0" encoding="UTF-8"?>
<!-- Generated by org.testng.reporters.JUnitReportReporter -->
<testsuite skipped="0" hostname="Subbu-PC" name="firstTestNGPackage.SwitchWindowExample" tests="1" failures="0" timestamp="06 Feb 2019 11:08:18 GMT" time="72.907" errors="0">
  <testcase name="printChildWindowTitles" time="72.907" classname="firstTestNGPackage.SwitchWindowExample"/>
</testsuite> <!-- firstTestNGPackage.SwitchWindowExample -->
